<?xml version="1.0" encoding="UTF-8"?>
<testsuite name="com.thiagoqvdo.data.analyze.AppServiceTest" tests="1" skipped="0" failures="0" errors="0" timestamp="2022-06-07T14:49:17" hostname="ilegra-Inspiron-3583" time="5.064">
  <properties/>
  <testcase name="shouldNotReadFileIfTypeIsInvalid()" classname="com.thiagoqvdo.data.analyze.AppServiceTest" time="5.064"/>
  <system-out><![CDATA[]]></system-out>
  <system-err><![CDATA[Exception in thread "pool-2-thread-1" java.lang.RuntimeException: java.nio.file.NoSuchFileException: /tmp/junit1984283105349319531/data/in
	at com.thiagoqvdo.data.analyze.services.AppService.watchInputDirectory(AppService.java:46)
	at com.thiagoqvdo.data.analyze.AppServiceTest.lambda$shouldNotReadFileIfTypeIsInvalid$0(AppServiceTest.java:48)
]]></system-err>
</testsuite>
